<testsuites name="test suites root">
	<testsuite failures="0" errors="0" skipped="1" tests="1" time="0.05" name="Account Settings">
		<properties>
			<property name="setting1" value="True"/>
		</properties>
		<testcase classname="Account Settings" name="C1767503_test_case_1" time="159">
			<skipped type="pytest.skip" message="Please skip">
				skipped by user
			</skipped>
		</testcase>
		<testcase classname="Account Settings" name="C1767504_test_case_2" time="650">
		</testcase>
		<testcase classname="Account Settings" name="C1767505_test_case_3" time="159">
			<failure type="pytest.failure" message="Fail due to...">
				failed due to…
			</failure>
		</testcase>
	</testsuite>
</testsuites>